<?xml version="1.0" encoding="UTF-8"?>
<testng-results skipped="0" failed="1" ignored="0" total="4" passed="3">
  <reporter-output>
  </reporter-output>
  <suite name="Surefire suite" duration-ms="12452" started-at="2021-04-27T08:37:06Z" finished-at="2021-04-27T08:37:18Z">
    <groups>
    </groups>
    <test name="Surefire test" duration-ms="12452" started-at="2021-04-27T08:37:06Z" finished-at="2021-04-27T08:37:18Z">
      <class name="MobiquityAPIs.PostCreateTest">
        <test-method status="PASS" signature="CreateNewPostAPITest()[pri:0, instance:MobiquityAPIs.PostCreateTest@50f8360d]" name="CreateNewPostAPITest" duration-ms="767" started-at="2021-04-27T08:37:10Z" description="Create a new post for a user and make sure the reponse is correct with the added info" finished-at="2021-04-27T08:37:11Z">
          <reporter-output>
          </reporter-output>
        </test-method> <!-- CreateNewPostAPITest -->
        <test-method status="PASS" signature="TestDemo()[pri:0, instance:MobiquityAPIs.PostCreateTest@50f8360d]" name="TestDemo" is-config="true" duration-ms="0" started-at="2021-04-27T08:37:10Z" finished-at="2021-04-27T08:37:10Z">
          <reporter-output>
          </reporter-output>
        </test-method> <!-- TestDemo -->
      </class> <!-- MobiquityAPIs.PostCreateTest -->
      <class name="MobiquityAPIs.PutPostsAPITest">
        <test-method status="PASS" signature="TestDemo()[pri:0, instance:MobiquityAPIs.PutPostsAPITest@61dc03ce]" name="TestDemo" is-config="true" duration-ms="468" started-at="2021-04-27T08:37:06Z" finished-at="2021-04-27T08:37:07Z">
          <reporter-output>
          </reporter-output>
        </test-method> <!-- TestDemo -->
        <test-method status="FAIL" signature="EditExisitingPostAPITest()[pri:0, instance:MobiquityAPIs.PutPostsAPITest@61dc03ce]" name="EditExisitingPostAPITest" duration-ms="3131" started-at="2021-04-27T08:37:07Z" description="Edit an exisiting post with a new post then make sure post is update" finished-at="2021-04-27T08:37:10Z">
          <exception class="java.lang.AssertionError">
            <message>
              <![CDATA[expected [sunt aut facere repellat provident occaecati excepturi optio reprehenderit] but found [Adjusted Title]]]>
            </message>
            <full-stacktrace>
              <![CDATA[java.lang.AssertionError: expected [sunt aut facere repellat provident occaecati excepturi optio reprehenderit] but found [Adjusted Title]
at org.testng.Assert.fail(Assert.java:96)
at org.testng.Assert.failNotEquals(Assert.java:776)
at org.testng.Assert.assertEqualsImpl(Assert.java:137)
at org.testng.Assert.assertEquals(Assert.java:118)
at org.testng.Assert.assertEquals(Assert.java:453)
at org.testng.Assert.assertEquals(Assert.java:463)
at MobiquityAPIs.PutPostsAPITest.EditExisitingPostAPITest(PutPostsAPITest.java:64)
at sun.reflect.NativeMethodAccessorImpl.invoke0(Native Method)
at sun.reflect.NativeMethodAccessorImpl.invoke(NativeMethodAccessorImpl.java:62)
at sun.reflect.DelegatingMethodAccessorImpl.invoke(DelegatingMethodAccessorImpl.java:43)
at java.lang.reflect.Method.invoke(Method.java:498)
at org.testng.internal.MethodInvocationHelper.invokeMethod(MethodInvocationHelper.java:124)
at org.testng.internal.Invoker.invokeMethod(Invoker.java:583)
at org.testng.internal.Invoker.invokeTestMethod(Invoker.java:719)
at org.testng.internal.Invoker.invokeTestMethods(Invoker.java:989)
at org.testng.internal.TestMethodWorker.invokeTestMethods(TestMethodWorker.java:125)
at org.testng.internal.TestMethodWorker.run(TestMethodWorker.java:109)
at org.testng.TestRunner.privateRun(TestRunner.java:648)
at org.testng.TestRunner.run(TestRunner.java:505)
at org.testng.SuiteRunner.runTest(SuiteRunner.java:455)
at org.testng.SuiteRunner.runSequentially(SuiteRunner.java:450)
at org.testng.SuiteRunner.privateRun(SuiteRunner.java:415)
at org.testng.SuiteRunner.run(SuiteRunner.java:364)
at org.testng.SuiteRunnerWorker.runSuite(SuiteRunnerWorker.java:52)
at org.testng.SuiteRunnerWorker.run(SuiteRunnerWorker.java:84)
at org.testng.TestNG.runSuitesSequentially(TestNG.java:1208)
at org.testng.TestNG.runSuitesLocally(TestNG.java:1137)
at org.testng.TestNG.runSuites(TestNG.java:1049)
at org.testng.TestNG.run(TestNG.java:1017)
at org.apache.maven.surefire.testng.TestNGExecutor.run(TestNGExecutor.java:135)
at org.apache.maven.surefire.testng.TestNGDirectoryTestSuite.executeMulti(TestNGDirectoryTestSuite.java:193)
at org.apache.maven.surefire.testng.TestNGDirectoryTestSuite.execute(TestNGDirectoryTestSuite.java:94)
at org.apache.maven.surefire.testng.TestNGProvider.invoke(TestNGProvider.java:146)
at org.apache.maven.surefire.booter.ForkedBooter.invokeProviderInSameClassLoader(ForkedBooter.java:384)
at org.apache.maven.surefire.booter.ForkedBooter.runSuitesInProcess(ForkedBooter.java:345)
at org.apache.maven.surefire.booter.ForkedBooter.execute(ForkedBooter.java:126)
at org.apache.maven.surefire.booter.ForkedBooter.main(ForkedBooter.java:418)
]]>
            </full-stacktrace>
          </exception> <!-- java.lang.AssertionError -->
          <reporter-output>
          </reporter-output>
        </test-method> <!-- EditExisitingPostAPITest -->
      </class> <!-- MobiquityAPIs.PutPostsAPITest -->
      <class name="MobiquityAPIs.GetAPITest">
        <test-method status="PASS" signature="TestDemo()[pri:0, instance:MobiquityAPIs.GetAPITest@2cb4c3ab]" name="TestDemo" is-config="true" duration-ms="3" started-at="2021-04-27T08:37:11Z" finished-at="2021-04-27T08:37:11Z">
          <reporter-output>
          </reporter-output>
        </test-method> <!-- TestDemo -->
        <test-method status="PASS" signature="getListUsersAPITest()[pri:1, instance:MobiquityAPIs.GetAPITest@2cb4c3ab]" name="getListUsersAPITest" duration-ms="656" started-at="2021-04-27T08:37:11Z" description="Retrieve the list of the users and search for a certain username" finished-at="2021-04-27T08:37:11Z">
          <reporter-output>
          </reporter-output>
        </test-method> <!-- getListUsersAPITest -->
        <test-method status="PASS" signature="getPostsAndVerifyCommentsTest()[pri:2, instance:MobiquityAPIs.GetAPITest@2cb4c3ab]" name="getPostsAndVerifyCommentsTest" duration-ms="7200" started-at="2021-04-27T08:37:11Z" description="Retrieve the posts related to that users and check the email validation of the comments inside every post" finished-at="2021-04-27T08:37:18Z">
          <reporter-output>
          </reporter-output>
        </test-method> <!-- getPostsAndVerifyCommentsTest -->
      </class> <!-- MobiquityAPIs.GetAPITest -->
    </test> <!-- Surefire test -->
  </suite> <!-- Surefire suite -->
</testng-results>
